(---------------------------------------------------------------------)
(                                                                     )
(    ARTWORK LOG                                                      )
(                                                                     )
(    Drawing          : OSCILATOR4.brd                                )
(    Software Version : 17.2S025                                      )
(    Date/Time        : Tue Dec 19 00:27:30 2023                      )
(                                                                     )
(---------------------------------------------------------------------)


 ---- Photoplot outline rectangle not found; using drawing extents.



Results from parameter file ...
    DEVICE-TYPE           GERBER_RS274X
    OUTPUT-UNITS          INCHES
    FILM-SIZE             2400000 1600000
    FORMAT                2.5
    ABORT-ON-ERROR        NO
    SCALE                 1
    SUPPRESS-LEAD-ZEROES  YES
    SUPPRESS-TRAIL-ZEROES NO
    SUPPRESS-EQUAL        YES
    UNDEF-APT-CONT        NO



================================================================
     PROCESSING FILM < SPTOP >
     TO FILE < C:/Users/kellyy/Desktop/P1/allegro/SPTOP.art > ...
================================================================

  FILM PARAMETERS :
  ---------------------------------------------------------
  Undefined line width                0.10
  Mirror code                         NONE
  Rotate angle                        NONE
  Offset x:                           0.00
  Offset y:                           0.00
  Plot negative                       NO
  Suppress unconnected internal pads  NO
  Draw holes only                     NO



  APERTURES USED:
  ---------------------------------------------------------
  TYPE       SIZE/NAME                   ROT   MIRROR MODE 
  ---------------------------------------------------------
  CIRCLE     0.03000                                  DARK 
  SQUARE     0.04000                     0.000 NO     DARK 
  SQUARE     0.04100                     0.000 NO     DARK 
  SQUARE     0.05000                     0.000 NO     DARK 
  RECTANGLE  0.04000     x 0.03100       0.000 NO     DARK 
  RECTANGLE  0.04000     x 0.03100      90.000 NO     DARK 
  RECTANGLE  0.04100     x 0.06800       0.000 NO     DARK 
  RECTANGLE  0.04100     x 0.06800      90.000 NO     DARK 
  RECTANGLE  0.06600     x 0.03800      90.000 NO     DARK 

     SPTOP created.


------------------------------------------------------
 SUMMARY:
        SPTOP created.

 ARTWORK finished
